2026-01-30 15:24:55 INFO  HotelCostsTest:18 - ***** Starting HotelCostsTest  ****
2026-01-30 15:25:13 INFO  HotelCostsTest:33 - ***** Searched for required hotel details  ****
2026-01-30 15:25:13 INFO  HotelCostsTest:37 - ***** HotelResultsPage Started  ****
2026-01-30 15:25:31 INFO  HotelCostsTest:76 - ***** HotelCostsTest Completed  ****
2026-01-30 15:25:31 INFO  HotelCostsTest:12 - ***** Starting Cruise Details Test ****
2026-01-30 15:26:05 INFO  HotelCostsTest:19 - ***** Cruise Details Test Completed ****
2026-01-30 15:26:05 INFO  HotelCostsTest:23 - ***** Starting Cruise Results Test ****
2026-01-30 15:26:20 INFO  HotelCostsTest:34 - Guest capacity: 1,266
2026-01-30 15:26:20 INFO  HotelCostsTest:35 - Renovated: 2024
2026-01-30 15:26:20 INFO  HotelCostsTest:36 - Cruise ID: 160581
2026-01-30 15:26:20 INFO  HotelCostsTest:41 - ***** Cruise Results Test Completed ****
2026-01-30 15:29:50 INFO  HotelCostsTest:18 - ***** Starting HotelCostsTest  ****
2026-01-30 15:30:09 INFO  HotelCostsTest:33 - ***** Searched for required hotel details  ****
2026-01-30 15:30:09 INFO  HotelCostsTest:37 - ***** HotelResultsPage Started  ****
2026-01-30 15:30:21 INFO  HotelCostsTest:76 - ***** HotelCostsTest Completed  ****
2026-01-30 15:30:21 INFO  HotelCostsTest:12 - ***** Starting Cruise Details Test ****
2026-01-30 15:30:53 INFO  HotelCostsTest:19 - ***** Cruise Details Test Completed ****
2026-01-30 15:30:53 INFO  HotelCostsTest:23 - ***** Starting Cruise Results Test ****
2026-01-30 15:31:07 INFO  HotelCostsTest:34 - Guest capacity: 1,266
2026-01-30 15:31:07 INFO  HotelCostsTest:35 - Renovated: 2024
2026-01-30 15:31:07 INFO  HotelCostsTest:36 - Cruise ID: 160581
2026-01-30 15:31:07 INFO  HotelCostsTest:41 - ***** Cruise Results Test Completed ****
